<?xml version="1.0" encoding="UTF-8"?>
<coverage generated="1590243986966" clover="3.2.0">
  <project timestamp="1590243986968" name="All files">
    <metrics statements="84" coveredstatements="79" conditionals="96" coveredconditionals="91" methods="7" coveredmethods="7" elements="187" coveredelements="177" complexity="0" loc="84" ncloc="84" packages="1" files="3" classes="3"/>
    <file name="app.js" path="/Users/user/Desktop/Dcoumentos_Mauricio/UdeA/semestre1/desarrollo_app_empresariales/dojo_test/dojo-test/app.js">
      <metrics statements="8" coveredstatements="8" conditionals="0" coveredconditionals="0" methods="2" coveredmethods="2"/>
      <line num="1" count="1" type="stmt"/>
      <line num="2" count="1" type="stmt"/>
      <line num="3" count="1" type="stmt"/>
      <line num="5" count="1" type="stmt"/>
      <line num="6" count="1" type="stmt"/>
      <line num="11" count="1" type="stmt"/>
      <line num="12" count="1" type="stmt"/>
      <line num="17" count="1" type="stmt"/>
    </file>
    <file name="calculator.js" path="/Users/user/Desktop/Dcoumentos_Mauricio/UdeA/semestre1/desarrollo_app_empresariales/dojo_test/dojo-test/calculator.js">
      <metrics statements="4" coveredstatements="4" conditionals="0" coveredconditionals="0" methods="2" coveredmethods="2"/>
      <line num="2" count="3" type="stmt"/>
      <line num="6" count="2" type="stmt"/>
      <line num="9" count="2" type="stmt"/>
      <line num="10" count="2" type="stmt"/>
    </file>
    <file name="codebreaker.js" path="/Users/user/Desktop/Dcoumentos_Mauricio/UdeA/semestre1/desarrollo_app_empresariales/dojo_test/dojo-test/codebreaker.js">
      <metrics statements="72" coveredstatements="67" conditionals="96" coveredconditionals="91" methods="3" coveredmethods="3"/>
      <line num="2" count="4" type="stmt"/>
      <line num="4" count="4" type="cond" truecount="2" falsecount="0"/>
      <line num="5" count="2" type="stmt"/>
      <line num="6" count="4" type="cond" truecount="2" falsecount="0"/>
      <line num="7" count="1" type="stmt"/>
      <line num="8" count="4" type="cond" truecount="1" falsecount="1"/>
      <line num="9" count="0" type="stmt"/>
      <line num="10" count="4" type="cond" truecount="2" falsecount="0"/>
      <line num="11" count="1" type="stmt"/>
      <line num="13" count="4" type="cond" truecount="5" falsecount="1"/>
      <line num="14" count="0" type="stmt"/>
      <line num="15" count="4" type="cond" truecount="6" falsecount="0"/>
      <line num="16" count="1" type="stmt"/>
      <line num="17" count="4" type="cond" truecount="6" falsecount="0"/>
      <line num="18" count="2" type="stmt"/>
      <line num="19" count="4" type="cond" truecount="6" falsecount="0"/>
      <line num="20" count="1" type="stmt"/>
      <line num="21" count="4" type="stmt"/>
      <line num="25" count="4" type="stmt"/>
      <line num="26" count="4" type="stmt"/>
      <line num="27" count="4" type="stmt"/>
      <line num="28" count="4" type="stmt"/>
      <line num="29" count="4" type="stmt"/>
      <line num="30" count="4" type="stmt"/>
      <line num="32" count="4" type="cond" truecount="2" falsecount="0"/>
      <line num="33" count="2" type="stmt"/>
      <line num="34" count="4" type="cond" truecount="2" falsecount="0"/>
      <line num="35" count="1" type="stmt"/>
      <line num="36" count="4" type="cond" truecount="1" falsecount="1"/>
      <line num="37" count="0" type="stmt"/>
      <line num="38" count="4" type="cond" truecount="2" falsecount="0"/>
      <line num="39" count="1" type="stmt"/>
      <line num="41" count="4" type="cond" truecount="5" falsecount="1"/>
      <line num="42" count="0" type="stmt"/>
      <line num="43" count="4" type="cond" truecount="6" falsecount="0"/>
      <line num="44" count="1" type="stmt"/>
      <line num="45" count="4" type="cond" truecount="6" falsecount="0"/>
      <line num="46" count="2" type="stmt"/>
      <line num="47" count="4" type="cond" truecount="6" falsecount="0"/>
      <line num="48" count="1" type="stmt"/>
      <line num="49" count="4" type="stmt"/>
      <line num="53" count="5" type="stmt"/>
      <line num="54" count="5" type="stmt"/>
      <line num="55" count="5" type="stmt"/>
      <line num="56" count="5" type="stmt"/>
      <line num="57" count="5" type="stmt"/>
      <line num="58" count="5" type="stmt"/>
      <line num="60" count="5" type="stmt"/>
      <line num="61" count="5" type="stmt"/>
      <line num="62" count="5" type="stmt"/>
      <line num="63" count="5" type="stmt"/>
      <line num="64" count="5" type="stmt"/>
      <line num="66" count="5" type="cond" truecount="2" falsecount="0"/>
      <line num="67" count="2" type="stmt"/>
      <line num="68" count="5" type="cond" truecount="2" falsecount="0"/>
      <line num="69" count="2" type="stmt"/>
      <line num="70" count="5" type="cond" truecount="1" falsecount="1"/>
      <line num="71" count="0" type="stmt"/>
      <line num="72" count="5" type="cond" truecount="2" falsecount="0"/>
      <line num="73" count="1" type="stmt"/>
      <line num="75" count="5" type="cond" truecount="6" falsecount="0"/>
      <line num="76" count="1" type="stmt"/>
      <line num="77" count="5" type="cond" truecount="6" falsecount="0"/>
      <line num="78" count="1" type="stmt"/>
      <line num="79" count="5" type="cond" truecount="6" falsecount="0"/>
      <line num="80" count="3" type="stmt"/>
      <line num="81" count="5" type="cond" truecount="6" falsecount="0"/>
      <line num="82" count="1" type="stmt"/>
      <line num="83" count="5" type="stmt"/>
      <line num="86" count="1" type="stmt"/>
      <line num="87" count="1" type="stmt"/>
      <line num="88" count="1" type="stmt"/>
    </file>
  </project>
</coverage>
