{"/Users/user/Desktop/Dcoumentos_Mauricio/UdeA/semestre1/desarrollo_app_empresariales/dojo_test/dojo-test/app.js": {"path":"/Users/user/Desktop/Dcoumentos_Mauricio/UdeA/semestre1/desarrollo_app_empresariales/dojo_test/dojo-test/app.js","statementMap":{"0":{"start":{"line":1,"column":16},"end":{"line":1,"column":34}},"1":{"start":{"line":2,"column":12},"end":{"line":2,"column":21}},"2":{"start":{"line":3,"column":19},"end":{"line":3,"column":42}},"3":{"start":{"line":5,"column":0},"end":{"line":9,"column":3}},"4":{"start":{"line":6,"column":4},"end":{"line":8,"column":7}},"5":{"start":{"line":11,"column":0},"end":{"line":15,"column":3}},"6":{"start":{"line":12,"column":4},"end":{"line":14,"column":7}},"7":{"start":{"line":17,"column":0},"end":{"line":17,"column":21}}},"fnMap":{"0":{"name":"(anonymous_0)","decl":{"start":{"line":5,"column":16},"end":{"line":5,"column":17}},"loc":{"start":{"line":5,"column":30},"end":{"line":9,"column":1}},"line":5},"1":{"name":"(anonymous_1)","decl":{"start":{"line":11,"column":21},"end":{"line":11,"column":22}},"loc":{"start":{"line":11,"column":35},"end":{"line":15,"column":1}},"line":11}},"branchMap":{},"s":{"0":1,"1":1,"2":1,"3":1,"4":1,"5":1,"6":1,"7":1},"f":{"0":1,"1":1},"b":{},"_coverageSchema":"1a1c01bbd47fc00a2c39e90264f33305004495a9","hash":"65dc182e4d6b1763ea43ed7d8d9c6be622fe03e7"}
,"/Users/user/Desktop/Dcoumentos_Mauricio/UdeA/semestre1/desarrollo_app_empresariales/dojo_test/dojo-test/calculator.js": {"path":"/Users/user/Desktop/Dcoumentos_Mauricio/UdeA/semestre1/desarrollo_app_empresariales/dojo_test/dojo-test/calculator.js","statementMap":{"0":{"start":{"line":2,"column":4},"end":{"line":2,"column":17}},"1":{"start":{"line":6,"column":4},"end":{"line":6,"column":17}},"2":{"start":{"line":9,"column":0},"end":{"line":9,"column":25}},"3":{"start":{"line":10,"column":0},"end":{"line":10,"column":35}}},"fnMap":{"0":{"name":"add","decl":{"start":{"line":1,"column":9},"end":{"line":1,"column":12}},"loc":{"start":{"line":1,"column":18},"end":{"line":3,"column":1}},"line":1},"1":{"name":"subtract","decl":{"start":{"line":5,"column":9},"end":{"line":5,"column":17}},"loc":{"start":{"line":5,"column":23},"end":{"line":7,"column":1}},"line":5}},"branchMap":{},"s":{"0":3,"1":2,"2":2,"3":2},"f":{"0":3,"1":2},"b":{},"_coverageSchema":"1a1c01bbd47fc00a2c39e90264f33305004495a9","hash":"bd3f025786bc550a66991d46522cb8f0dce1e4ba"}
,"/Users/user/Desktop/Dcoumentos_Mauricio/UdeA/semestre1/desarrollo_app_empresariales/dojo_test/dojo-test/codebreaker.js": {"path":"/Users/user/Desktop/Dcoumentos_Mauricio/UdeA/semestre1/desarrollo_app_empresariales/dojo_test/dojo-test/codebreaker.js","statementMap":{"0":{"start":{"line":2,"column":19},"end":{"line":2,"column":21}},"1":{"start":{"line":4,"column":4},"end":{"line":5,"column":33}},"2":{"start":{"line":5,"column":8},"end":{"line":5,"column":33}},"3":{"start":{"line":6,"column":4},"end":{"line":7,"column":33}},"4":{"start":{"line":7,"column":8},"end":{"line":7,"column":33}},"5":{"start":{"line":8,"column":4},"end":{"line":9,"column":33}},"6":{"start":{"line":9,"column":8},"end":{"line":9,"column":33}},"7":{"start":{"line":10,"column":4},"end":{"line":11,"column":33}},"8":{"start":{"line":11,"column":8},"end":{"line":11,"column":33}},"9":{"start":{"line":13,"column":4},"end":{"line":14,"column":33}},"10":{"start":{"line":14,"column":8},"end":{"line":14,"column":33}},"11":{"start":{"line":15,"column":4},"end":{"line":16,"column":33}},"12":{"start":{"line":16,"column":8},"end":{"line":16,"column":33}},"13":{"start":{"line":17,"column":4},"end":{"line":18,"column":33}},"14":{"start":{"line":18,"column":8},"end":{"line":18,"column":33}},"15":{"start":{"line":19,"column":4},"end":{"line":20,"column":33}},"16":{"start":{"line":20,"column":8},"end":{"line":20,"column":33}},"17":{"start":{"line":21,"column":4},"end":{"line":21,"column":20}},"18":{"start":{"line":25,"column":19},"end":{"line":25,"column":21}},"19":{"start":{"line":26,"column":4},"end":{"line":26,"column":40}},"20":{"start":{"line":27,"column":12},"end":{"line":27,"column":28}},"21":{"start":{"line":28,"column":12},"end":{"line":28,"column":28}},"22":{"start":{"line":29,"column":12},"end":{"line":29,"column":28}},"23":{"start":{"line":30,"column":12},"end":{"line":30,"column":28}},"24":{"start":{"line":32,"column":4},"end":{"line":33,"column":33}},"25":{"start":{"line":33,"column":8},"end":{"line":33,"column":33}},"26":{"start":{"line":34,"column":4},"end":{"line":35,"column":33}},"27":{"start":{"line":35,"column":8},"end":{"line":35,"column":33}},"28":{"start":{"line":36,"column":4},"end":{"line":37,"column":33}},"29":{"start":{"line":37,"column":8},"end":{"line":37,"column":33}},"30":{"start":{"line":38,"column":4},"end":{"line":39,"column":33}},"31":{"start":{"line":39,"column":8},"end":{"line":39,"column":33}},"32":{"start":{"line":41,"column":4},"end":{"line":42,"column":33}},"33":{"start":{"line":42,"column":8},"end":{"line":42,"column":33}},"34":{"start":{"line":43,"column":4},"end":{"line":44,"column":33}},"35":{"start":{"line":44,"column":8},"end":{"line":44,"column":33}},"36":{"start":{"line":45,"column":4},"end":{"line":46,"column":33}},"37":{"start":{"line":46,"column":8},"end":{"line":46,"column":33}},"38":{"start":{"line":47,"column":4},"end":{"line":48,"column":33}},"39":{"start":{"line":48,"column":8},"end":{"line":48,"column":33}},"40":{"start":{"line":49,"column":4},"end":{"line":49,"column":20}},"41":{"start":{"line":53,"column":19},"end":{"line":53,"column":21}},"42":{"start":{"line":54,"column":4},"end":{"line":54,"column":55}},"43":{"start":{"line":55,"column":12},"end":{"line":55,"column":36}},"44":{"start":{"line":56,"column":12},"end":{"line":56,"column":36}},"45":{"start":{"line":57,"column":12},"end":{"line":57,"column":36}},"46":{"start":{"line":58,"column":12},"end":{"line":58,"column":36}},"47":{"start":{"line":60,"column":4},"end":{"line":60,"column":41}},"48":{"start":{"line":61,"column":13},"end":{"line":61,"column":30}},"49":{"start":{"line":62,"column":13},"end":{"line":62,"column":30}},"50":{"start":{"line":63,"column":13},"end":{"line":63,"column":30}},"51":{"start":{"line":64,"column":13},"end":{"line":64,"column":30}},"52":{"start":{"line":66,"column":4},"end":{"line":67,"column":33}},"53":{"start":{"line":67,"column":8},"end":{"line":67,"column":33}},"54":{"start":{"line":68,"column":4},"end":{"line":69,"column":33}},"55":{"start":{"line":69,"column":8},"end":{"line":69,"column":33}},"56":{"start":{"line":70,"column":4},"end":{"line":71,"column":33}},"57":{"start":{"line":71,"column":8},"end":{"line":71,"column":33}},"58":{"start":{"line":72,"column":4},"end":{"line":73,"column":33}},"59":{"start":{"line":73,"column":8},"end":{"line":73,"column":33}},"60":{"start":{"line":75,"column":4},"end":{"line":76,"column":33}},"61":{"start":{"line":76,"column":8},"end":{"line":76,"column":33}},"62":{"start":{"line":77,"column":4},"end":{"line":78,"column":33}},"63":{"start":{"line":78,"column":8},"end":{"line":78,"column":33}},"64":{"start":{"line":79,"column":4},"end":{"line":80,"column":33}},"65":{"start":{"line":80,"column":8},"end":{"line":80,"column":33}},"66":{"start":{"line":81,"column":4},"end":{"line":82,"column":33}},"67":{"start":{"line":82,"column":8},"end":{"line":82,"column":33}},"68":{"start":{"line":83,"column":4},"end":{"line":83,"column":20}},"69":{"start":{"line":86,"column":0},"end":{"line":86,"column":29}},"70":{"start":{"line":87,"column":0},"end":{"line":87,"column":47}},"71":{"start":{"line":88,"column":0},"end":{"line":88,"column":61}}},"fnMap":{"0":{"name":"guess","decl":{"start":{"line":1,"column":9},"end":{"line":1,"column":14}},"loc":{"start":{"line":1,"column":24},"end":{"line":22,"column":1}},"line":1},"1":{"name":"guessCharacter","decl":{"start":{"line":24,"column":9},"end":{"line":24,"column":23}},"loc":{"start":{"line":24,"column":35},"end":{"line":50,"column":1}},"line":24},"2":{"name":"guessCharacterGeneric","decl":{"start":{"line":52,"column":9},"end":{"line":52,"column":30}},"loc":{"start":{"line":52,"column":60},"end":{"line":84,"column":1}},"line":52}},"branchMap":{"0":{"loc":{"start":{"line":4,"column":4},"end":{"line":5,"column":33}},"type":"if","locations":[{"start":{"line":4,"column":4},"end":{"line":5,"column":33}},{"start":{"line":4,"column":4},"end":{"line":5,"column":33}}],"line":4},"1":{"loc":{"start":{"line":6,"column":4},"end":{"line":7,"column":33}},"type":"if","locations":[{"start":{"line":6,"column":4},"end":{"line":7,"column":33}},{"start":{"line":6,"column":4},"end":{"line":7,"column":33}}],"line":6},"2":{"loc":{"start":{"line":8,"column":4},"end":{"line":9,"column":33}},"type":"if","locations":[{"start":{"line":8,"column":4},"end":{"line":9,"column":33}},{"start":{"line":8,"column":4},"end":{"line":9,"column":33}}],"line":8},"3":{"loc":{"start":{"line":10,"column":4},"end":{"line":11,"column":33}},"type":"if","locations":[{"start":{"line":10,"column":4},"end":{"line":11,"column":33}},{"start":{"line":10,"column":4},"end":{"line":11,"column":33}}],"line":10},"4":{"loc":{"start":{"line":13,"column":4},"end":{"line":14,"column":33}},"type":"if","locations":[{"start":{"line":13,"column":4},"end":{"line":14,"column":33}},{"start":{"line":13,"column":4},"end":{"line":14,"column":33}}],"line":13},"5":{"loc":{"start":{"line":13,"column":7},"end":{"line":13,"column":45}},"type":"binary-expr","locations":[{"start":{"line":13,"column":7},"end":{"line":13,"column":13}},{"start":{"line":13,"column":18},"end":{"line":13,"column":24}},{"start":{"line":13,"column":28},"end":{"line":13,"column":34}},{"start":{"line":13,"column":38},"end":{"line":13,"column":44}}],"line":13},"6":{"loc":{"start":{"line":15,"column":4},"end":{"line":16,"column":33}},"type":"if","locations":[{"start":{"line":15,"column":4},"end":{"line":16,"column":33}},{"start":{"line":15,"column":4},"end":{"line":16,"column":33}}],"line":15},"7":{"loc":{"start":{"line":15,"column":7},"end":{"line":15,"column":45}},"type":"binary-expr","locations":[{"start":{"line":15,"column":7},"end":{"line":15,"column":13}},{"start":{"line":15,"column":18},"end":{"line":15,"column":24}},{"start":{"line":15,"column":28},"end":{"line":15,"column":34}},{"start":{"line":15,"column":38},"end":{"line":15,"column":44}}],"line":15},"8":{"loc":{"start":{"line":17,"column":4},"end":{"line":18,"column":33}},"type":"if","locations":[{"start":{"line":17,"column":4},"end":{"line":18,"column":33}},{"start":{"line":17,"column":4},"end":{"line":18,"column":33}}],"line":17},"9":{"loc":{"start":{"line":17,"column":7},"end":{"line":17,"column":45}},"type":"binary-expr","locations":[{"start":{"line":17,"column":7},"end":{"line":17,"column":13}},{"start":{"line":17,"column":18},"end":{"line":17,"column":24}},{"start":{"line":17,"column":28},"end":{"line":17,"column":34}},{"start":{"line":17,"column":38},"end":{"line":17,"column":44}}],"line":17},"10":{"loc":{"start":{"line":19,"column":4},"end":{"line":20,"column":33}},"type":"if","locations":[{"start":{"line":19,"column":4},"end":{"line":20,"column":33}},{"start":{"line":19,"column":4},"end":{"line":20,"column":33}}],"line":19},"11":{"loc":{"start":{"line":19,"column":7},"end":{"line":19,"column":45}},"type":"binary-expr","locations":[{"start":{"line":19,"column":7},"end":{"line":19,"column":13}},{"start":{"line":19,"column":18},"end":{"line":19,"column":24}},{"start":{"line":19,"column":28},"end":{"line":19,"column":34}},{"start":{"line":19,"column":38},"end":{"line":19,"column":44}}],"line":19},"12":{"loc":{"start":{"line":32,"column":4},"end":{"line":33,"column":33}},"type":"if","locations":[{"start":{"line":32,"column":4},"end":{"line":33,"column":33}},{"start":{"line":32,"column":4},"end":{"line":33,"column":33}}],"line":32},"13":{"loc":{"start":{"line":34,"column":4},"end":{"line":35,"column":33}},"type":"if","locations":[{"start":{"line":34,"column":4},"end":{"line":35,"column":33}},{"start":{"line":34,"column":4},"end":{"line":35,"column":33}}],"line":34},"14":{"loc":{"start":{"line":36,"column":4},"end":{"line":37,"column":33}},"type":"if","locations":[{"start":{"line":36,"column":4},"end":{"line":37,"column":33}},{"start":{"line":36,"column":4},"end":{"line":37,"column":33}}],"line":36},"15":{"loc":{"start":{"line":38,"column":4},"end":{"line":39,"column":33}},"type":"if","locations":[{"start":{"line":38,"column":4},"end":{"line":39,"column":33}},{"start":{"line":38,"column":4},"end":{"line":39,"column":33}}],"line":38},"16":{"loc":{"start":{"line":41,"column":4},"end":{"line":42,"column":33}},"type":"if","locations":[{"start":{"line":41,"column":4},"end":{"line":42,"column":33}},{"start":{"line":41,"column":4},"end":{"line":42,"column":33}}],"line":41},"17":{"loc":{"start":{"line":41,"column":7},"end":{"line":41,"column":45}},"type":"binary-expr","locations":[{"start":{"line":41,"column":7},"end":{"line":41,"column":13}},{"start":{"line":41,"column":18},"end":{"line":41,"column":24}},{"start":{"line":41,"column":28},"end":{"line":41,"column":34}},{"start":{"line":41,"column":38},"end":{"line":41,"column":44}}],"line":41},"18":{"loc":{"start":{"line":43,"column":4},"end":{"line":44,"column":33}},"type":"if","locations":[{"start":{"line":43,"column":4},"end":{"line":44,"column":33}},{"start":{"line":43,"column":4},"end":{"line":44,"column":33}}],"line":43},"19":{"loc":{"start":{"line":43,"column":7},"end":{"line":43,"column":45}},"type":"binary-expr","locations":[{"start":{"line":43,"column":7},"end":{"line":43,"column":13}},{"start":{"line":43,"column":18},"end":{"line":43,"column":24}},{"start":{"line":43,"column":28},"end":{"line":43,"column":34}},{"start":{"line":43,"column":38},"end":{"line":43,"column":44}}],"line":43},"20":{"loc":{"start":{"line":45,"column":4},"end":{"line":46,"column":33}},"type":"if","locations":[{"start":{"line":45,"column":4},"end":{"line":46,"column":33}},{"start":{"line":45,"column":4},"end":{"line":46,"column":33}}],"line":45},"21":{"loc":{"start":{"line":45,"column":7},"end":{"line":45,"column":45}},"type":"binary-expr","locations":[{"start":{"line":45,"column":7},"end":{"line":45,"column":13}},{"start":{"line":45,"column":18},"end":{"line":45,"column":24}},{"start":{"line":45,"column":28},"end":{"line":45,"column":34}},{"start":{"line":45,"column":38},"end":{"line":45,"column":44}}],"line":45},"22":{"loc":{"start":{"line":47,"column":4},"end":{"line":48,"column":33}},"type":"if","locations":[{"start":{"line":47,"column":4},"end":{"line":48,"column":33}},{"start":{"line":47,"column":4},"end":{"line":48,"column":33}}],"line":47},"23":{"loc":{"start":{"line":47,"column":7},"end":{"line":47,"column":45}},"type":"binary-expr","locations":[{"start":{"line":47,"column":7},"end":{"line":47,"column":13}},{"start":{"line":47,"column":18},"end":{"line":47,"column":24}},{"start":{"line":47,"column":28},"end":{"line":47,"column":34}},{"start":{"line":47,"column":38},"end":{"line":47,"column":44}}],"line":47},"24":{"loc":{"start":{"line":66,"column":4},"end":{"line":67,"column":33}},"type":"if","locations":[{"start":{"line":66,"column":4},"end":{"line":67,"column":33}},{"start":{"line":66,"column":4},"end":{"line":67,"column":33}}],"line":66},"25":{"loc":{"start":{"line":68,"column":4},"end":{"line":69,"column":33}},"type":"if","locations":[{"start":{"line":68,"column":4},"end":{"line":69,"column":33}},{"start":{"line":68,"column":4},"end":{"line":69,"column":33}}],"line":68},"26":{"loc":{"start":{"line":70,"column":4},"end":{"line":71,"column":33}},"type":"if","locations":[{"start":{"line":70,"column":4},"end":{"line":71,"column":33}},{"start":{"line":70,"column":4},"end":{"line":71,"column":33}}],"line":70},"27":{"loc":{"start":{"line":72,"column":4},"end":{"line":73,"column":33}},"type":"if","locations":[{"start":{"line":72,"column":4},"end":{"line":73,"column":33}},{"start":{"line":72,"column":4},"end":{"line":73,"column":33}}],"line":72},"28":{"loc":{"start":{"line":75,"column":4},"end":{"line":76,"column":33}},"type":"if","locations":[{"start":{"line":75,"column":4},"end":{"line":76,"column":33}},{"start":{"line":75,"column":4},"end":{"line":76,"column":33}}],"line":75},"29":{"loc":{"start":{"line":75,"column":7},"end":{"line":75,"column":49}},"type":"binary-expr","locations":[{"start":{"line":75,"column":7},"end":{"line":75,"column":14}},{"start":{"line":75,"column":19},"end":{"line":75,"column":26}},{"start":{"line":75,"column":30},"end":{"line":75,"column":37}},{"start":{"line":75,"column":41},"end":{"line":75,"column":48}}],"line":75},"30":{"loc":{"start":{"line":77,"column":4},"end":{"line":78,"column":33}},"type":"if","locations":[{"start":{"line":77,"column":4},"end":{"line":78,"column":33}},{"start":{"line":77,"column":4},"end":{"line":78,"column":33}}],"line":77},"31":{"loc":{"start":{"line":77,"column":7},"end":{"line":77,"column":49}},"type":"binary-expr","locations":[{"start":{"line":77,"column":7},"end":{"line":77,"column":14}},{"start":{"line":77,"column":19},"end":{"line":77,"column":26}},{"start":{"line":77,"column":30},"end":{"line":77,"column":37}},{"start":{"line":77,"column":41},"end":{"line":77,"column":48}}],"line":77},"32":{"loc":{"start":{"line":79,"column":4},"end":{"line":80,"column":33}},"type":"if","locations":[{"start":{"line":79,"column":4},"end":{"line":80,"column":33}},{"start":{"line":79,"column":4},"end":{"line":80,"column":33}}],"line":79},"33":{"loc":{"start":{"line":79,"column":7},"end":{"line":79,"column":49}},"type":"binary-expr","locations":[{"start":{"line":79,"column":7},"end":{"line":79,"column":14}},{"start":{"line":79,"column":19},"end":{"line":79,"column":26}},{"start":{"line":79,"column":30},"end":{"line":79,"column":37}},{"start":{"line":79,"column":41},"end":{"line":79,"column":48}}],"line":79},"34":{"loc":{"start":{"line":81,"column":4},"end":{"line":82,"column":33}},"type":"if","locations":[{"start":{"line":81,"column":4},"end":{"line":82,"column":33}},{"start":{"line":81,"column":4},"end":{"line":82,"column":33}}],"line":81},"35":{"loc":{"start":{"line":81,"column":7},"end":{"line":81,"column":49}},"type":"binary-expr","locations":[{"start":{"line":81,"column":7},"end":{"line":81,"column":14}},{"start":{"line":81,"column":19},"end":{"line":81,"column":26}},{"start":{"line":81,"column":30},"end":{"line":81,"column":37}},{"start":{"line":81,"column":41},"end":{"line":81,"column":48}}],"line":81}},"s":{"0":4,"1":4,"2":2,"3":4,"4":1,"5":4,"6":0,"7":4,"8":1,"9":4,"10":0,"11":4,"12":1,"13":4,"14":2,"15":4,"16":1,"17":4,"18":4,"19":4,"20":4,"21":4,"22":4,"23":4,"24":4,"25":2,"26":4,"27":1,"28":4,"29":0,"30":4,"31":1,"32":4,"33":0,"34":4,"35":1,"36":4,"37":2,"38":4,"39":1,"40":4,"41":5,"42":5,"43":5,"44":5,"45":5,"46":5,"47":5,"48":5,"49":5,"50":5,"51":5,"52":5,"53":2,"54":5,"55":2,"56":5,"57":0,"58":5,"59":1,"60":5,"61":1,"62":5,"63":1,"64":5,"65":3,"66":5,"67":1,"68":5,"69":1,"70":1,"71":1},"f":{"0":4,"1":4,"2":5},"b":{"0":[2,2],"1":[1,3],"2":[0,4],"3":[1,3],"4":[0,4],"5":[4,2,2,2],"6":[1,3],"7":[4,3,3,2],"8":[2,2],"9":[4,4,3,2],"10":[1,3],"11":[4,3,3,3],"12":[2,2],"13":[1,3],"14":[0,4],"15":[1,3],"16":[0,4],"17":[4,2,2,2],"18":[1,3],"19":[4,3,3,2],"20":[2,2],"21":[4,4,3,2],"22":[1,3],"23":[4,3,3,3],"24":[2,3],"25":[2,3],"26":[0,5],"27":[1,4],"28":[1,4],"29":[5,3,3,2],"30":[1,4],"31":[5,3,3,2],"32":[3,2],"33":[5,5,5,4],"34":[1,4],"35":[5,4,4,4]},"_coverageSchema":"1a1c01bbd47fc00a2c39e90264f33305004495a9","hash":"d888cd0c1b4a6a7c3c815a05bfa62dd1380da874"}
}
