TN:
SF:app.js
FN:5,(anonymous_0)
FN:11,(anonymous_1)
FNF:2
FNH:2
FNDA:1,(anonymous_0)
FNDA:1,(anonymous_1)
DA:1,1
DA:2,1
DA:3,1
DA:5,1
DA:6,1
DA:11,1
DA:12,1
DA:17,1
LF:8
LH:8
BRF:0
BRH:0
end_of_record
TN:
SF:calculator.js
FN:1,add
FN:5,subtract
FNF:2
FNH:2
FNDA:3,add
FNDA:2,subtract
DA:2,3
DA:6,2
DA:9,2
DA:10,2
LF:4
LH:4
BRF:0
BRH:0
end_of_record
TN:
SF:codebreaker.js
FN:1,guess
FN:24,guessCharacter
FN:52,guessCharacterGeneric
FNF:3
FNH:3
FNDA:4,guess
FNDA:4,guessCharacter
FNDA:5,guessCharacterGeneric
DA:2,4
DA:4,4
DA:5,2
DA:6,4
DA:7,1
DA:8,4
DA:9,0
DA:10,4
DA:11,1
DA:13,4
DA:14,0
DA:15,4
DA:16,1
DA:17,4
DA:18,2
DA:19,4
DA:20,1
DA:21,4
DA:25,4
DA:26,4
DA:27,4
DA:28,4
DA:29,4
DA:30,4
DA:32,4
DA:33,2
DA:34,4
DA:35,1
DA:36,4
DA:37,0
DA:38,4
DA:39,1
DA:41,4
DA:42,0
DA:43,4
DA:44,1
DA:45,4
DA:46,2
DA:47,4
DA:48,1
DA:49,4
DA:53,5
DA:54,5
DA:55,5
DA:56,5
DA:57,5
DA:58,5
DA:60,5
DA:61,5
DA:62,5
DA:63,5
DA:64,5
DA:66,5
DA:67,2
DA:68,5
DA:69,2
DA:70,5
DA:71,0
DA:72,5
DA:73,1
DA:75,5
DA:76,1
DA:77,5
DA:78,1
DA:79,5
DA:80,3
DA:81,5
DA:82,1
DA:83,5
DA:86,1
DA:87,1
DA:88,1
LF:72
LH:67
BRDA:4,0,0,2
BRDA:4,0,1,2
BRDA:6,1,0,1
BRDA:6,1,1,3
BRDA:8,2,0,0
BRDA:8,2,1,4
BRDA:10,3,0,1
BRDA:10,3,1,3
BRDA:13,4,0,0
BRDA:13,4,1,4
BRDA:13,5,0,4
BRDA:13,5,1,2
BRDA:13,5,2,2
BRDA:13,5,3,2
BRDA:15,6,0,1
BRDA:15,6,1,3
BRDA:15,7,0,4
BRDA:15,7,1,3
BRDA:15,7,2,3
BRDA:15,7,3,2
BRDA:17,8,0,2
BRDA:17,8,1,2
BRDA:17,9,0,4
BRDA:17,9,1,4
BRDA:17,9,2,3
BRDA:17,9,3,2
BRDA:19,10,0,1
BRDA:19,10,1,3
BRDA:19,11,0,4
BRDA:19,11,1,3
BRDA:19,11,2,3
BRDA:19,11,3,3
BRDA:32,12,0,2
BRDA:32,12,1,2
BRDA:34,13,0,1
BRDA:34,13,1,3
BRDA:36,14,0,0
BRDA:36,14,1,4
BRDA:38,15,0,1
BRDA:38,15,1,3
BRDA:41,16,0,0
BRDA:41,16,1,4
BRDA:41,17,0,4
BRDA:41,17,1,2
BRDA:41,17,2,2
BRDA:41,17,3,2
BRDA:43,18,0,1
BRDA:43,18,1,3
BRDA:43,19,0,4
BRDA:43,19,1,3
BRDA:43,19,2,3
BRDA:43,19,3,2
BRDA:45,20,0,2
BRDA:45,20,1,2
BRDA:45,21,0,4
BRDA:45,21,1,4
BRDA:45,21,2,3
BRDA:45,21,3,2
BRDA:47,22,0,1
BRDA:47,22,1,3
BRDA:47,23,0,4
BRDA:47,23,1,3
BRDA:47,23,2,3
BRDA:47,23,3,3
BRDA:66,24,0,2
BRDA:66,24,1,3
BRDA:68,25,0,2
BRDA:68,25,1,3
BRDA:70,26,0,0
BRDA:70,26,1,5
BRDA:72,27,0,1
BRDA:72,27,1,4
BRDA:75,28,0,1
BRDA:75,28,1,4
BRDA:75,29,0,5
BRDA:75,29,1,3
BRDA:75,29,2,3
BRDA:75,29,3,2
BRDA:77,30,0,1
BRDA:77,30,1,4
BRDA:77,31,0,5
BRDA:77,31,1,3
BRDA:77,31,2,3
BRDA:77,31,3,2
BRDA:79,32,0,3
BRDA:79,32,1,2
BRDA:79,33,0,5
BRDA:79,33,1,5
BRDA:79,33,2,5
BRDA:79,33,3,4
BRDA:81,34,0,1
BRDA:81,34,1,4
BRDA:81,35,0,5
BRDA:81,35,1,4
BRDA:81,35,2,4
BRDA:81,35,3,4
BRF:96
BRH:91
end_of_record
